<?xml version="1.0" encoding="UTF-8"?>
<!-- Generated by org.testng.reporters.JUnitReportReporter -->
<testsuite skipped="1" hostname="Venkat_PC" name="practciceDDF1.test_sample1" tests="1" failures="0" timestamp="22 Mar 2018 19:09:36 GMT" time="0.000" errors="0">
  <testcase name="test" time="0.000" classname="practciceDDF1.test_sample1">
    <skipped/>
  </testcase> <!-- test -->
</testsuite> <!-- practciceDDF1.test_sample1 -->
