<?xml version="1.0" encoding="UTF-8"?>
<!-- Generated by org.testng.reporters.JUnitReportReporter -->
<testsuite skipped="0" hostname="Venkat_PC" name="practciceDDF1.sampleExceltest" tests="2" failures="0" timestamp="23 Mar 2018 05:28:49 GMT" time="0.018" errors="0">
  <testcase name="testdata" time="0.013" classname="practciceDDF1.sampleExceltest"/>
  <testcase name="testdata" time="0.005" classname="practciceDDF1.sampleExceltest"/>
</testsuite> <!-- practciceDDF1.sampleExceltest -->
