<?xml version="1.0" encoding="UTF-8"?>
<!-- Generated by org.testng.reporters.JUnitReportReporter -->
<testsuite skipped="0" hostname="Venkat_PC" name="practciceDDF1.excelUtilSimplified" tests="2" failures="0" timestamp="23 Mar 2018 05:35:53 GMT" time="0.016" errors="0">
  <testcase name="testdata" time="0.014" classname="practciceDDF1.excelUtilSimplified"/>
  <testcase name="testdata" time="0.002" classname="practciceDDF1.excelUtilSimplified"/>
</testsuite> <!-- practciceDDF1.excelUtilSimplified -->
