<?xml version="1.0" encoding="UTF-8"?>
<!-- Generated by org.testng.reporters.JUnitReportReporter -->
<testsuite skipped="0" hostname="Venkat_PC" name="practciceDDF1.debugtest" tests="3" failures="0" timestamp="22 Mar 2018 21:33:32 GMT" time="0.018" errors="0">
  <testcase name="testcode" time="0.002" classname="practciceDDF1.debugtest"/>
  <testcase name="testcode" time="0.011" classname="practciceDDF1.debugtest"/>
  <testcase name="testcode" time="0.005" classname="practciceDDF1.debugtest"/>
</testsuite> <!-- practciceDDF1.debugtest -->
