<?xml version="1.0" encoding="UTF-8"?>
<!-- Generated by org.testng.reporters.JUnitReportReporter -->
<testsuite skipped="0" hostname="Venkat_PC" name="readfromexcel.testexcelusingutility" tests="2" failures="0" timestamp="22 Mar 2018 20:11:46 GMT" time="0.037" errors="0">
  <testcase name="sampletest" time="0.032" classname="readfromexcel.testexcelusingutility"/>
  <testcase name="sampletest" time="0.005" classname="readfromexcel.testexcelusingutility"/>
</testsuite> <!-- readfromexcel.testexcelusingutility -->
